<?xml version="1.0" encoding="UTF-8"?>
<testng-results total="10" passed="9" failed="1" skipped="0">
  <reporter-output>
  </reporter-output>
  <suite started-at="2023-07-06T01:29:34Z" name="Default suite" finished-at="2023-07-06T01:30:00Z" duration-ms="26192">
    <groups>
    </groups>
    <test started-at="2023-07-06T01:29:34Z" name="Default test" finished-at="2023-07-06T01:30:00Z" duration-ms="26192">
      <class name="unitech.unitechConsulting.testCases.HomePage_TC_001">
        <test-method is-config="true" signature="setup()[pri:0, instance:unitech.unitechConsulting.testCases.HomePage_TC_001@4f32a3ad]" started-at="2023-07-05T21:29:34Z" name="setup" finished-at="2023-07-05T21:29:45Z" duration-ms="11296" status="PASS">
          <reporter-output>
          </reporter-output>
        </test-method> <!-- setup -->
        <test-method signature="TC_001_clickOnHomeButton_HomePage()[pri:0, instance:unitech.unitechConsulting.testCases.HomePage_TC_001@4f32a3ad]" started-at="2023-07-05T21:29:45Z" name="TC_001_clickOnHomeButton_HomePage" finished-at="2023-07-05T21:29:48Z" duration-ms="2714" status="PASS">
          <reporter-output>
          </reporter-output>
        </test-method> <!-- TC_001_clickOnHomeButton_HomePage -->
        <test-method signature="TC_002_discoverMore5_HomePage()[pri:0, instance:unitech.unitechConsulting.testCases.HomePage_TC_001@4f32a3ad]" started-at="2023-07-05T21:29:48Z" name="TC_002_discoverMore5_HomePage" finished-at="2023-07-05T21:29:55Z" duration-ms="6818" status="PASS">
          <reporter-output>
          </reporter-output>
        </test-method> <!-- TC_002_discoverMore5_HomePage -->
        <test-method signature="TC_003_discoverMore1_HomePage()[pri:0, instance:unitech.unitechConsulting.testCases.HomePage_TC_001@4f32a3ad]" started-at="2023-07-05T21:29:55Z" name="TC_003_discoverMore1_HomePage" finished-at="2023-07-05T21:29:56Z" duration-ms="1763" status="PASS">
          <reporter-output>
          </reporter-output>
        </test-method> <!-- TC_003_discoverMore1_HomePage -->
        <test-method signature="TC_004_appDevelopment_HomePage()[pri:0, instance:unitech.unitechConsulting.testCases.HomePage_TC_001@4f32a3ad]" started-at="2023-07-05T21:29:56Z" name="TC_004_appDevelopment_HomePage" finished-at="2023-07-05T21:29:57Z" duration-ms="241" status="PASS">
          <reporter-output>
          </reporter-output>
        </test-method> <!-- TC_004_appDevelopment_HomePage -->
        <test-method signature="TC_005_websiteDevelopement_HomePage()[pri:0, instance:unitech.unitechConsulting.testCases.HomePage_TC_001@4f32a3ad]" started-at="2023-07-05T21:29:57Z" name="TC_005_websiteDevelopement_HomePage" finished-at="2023-07-05T21:29:57Z" duration-ms="232" status="PASS">
          <reporter-output>
          </reporter-output>
        </test-method> <!-- TC_005_websiteDevelopement_HomePage -->
        <test-method signature="TC_006_APIIntegreationDevelopment_HomePage()[pri:0, instance:unitech.unitechConsulting.testCases.HomePage_TC_001@4f32a3ad]" started-at="2023-07-05T21:29:57Z" name="TC_006_APIIntegreationDevelopment_HomePage" finished-at="2023-07-05T21:29:57Z" duration-ms="215" status="PASS">
          <reporter-output>
          </reporter-output>
        </test-method> <!-- TC_006_APIIntegreationDevelopment_HomePage -->
        <test-method signature="TC_007_webMobileApplication_HomePage()[pri:0, instance:unitech.unitechConsulting.testCases.HomePage_TC_001@4f32a3ad]" started-at="2023-07-05T21:29:57Z" name="TC_007_webMobileApplication_HomePage" finished-at="2023-07-05T21:29:57Z" duration-ms="153" status="FAIL">
          <exception class="org.openqa.selenium.InvalidSelectorException">
            <message>
              <![CDATA[invalid selector: Unable to locate an element with the xpath expression (//*[@class='antares-adv-icon-box'][7] because of the following error:
SyntaxError: Failed to execute 'evaluate' on 'Document': The string '(//*[@class='antares-adv-icon-box'][7]' is not a valid XPath expression.
  (Session info: chrome=114.0.5735.199)
For documentation on this error, please visit: https://selenium.dev/exceptions/#invalid_selector_exception
Build info: version: '4.9.1', revision: 'eb2032df7f'
System info: os.name: 'Windows 11', os.arch: 'amd64', os.version: '10.0', java.version: '17.0.5'
Driver info: org.openqa.selenium.chrome.ChromeDriver
Command: [4be0527d4f11de8c830587d8179783ed, findElement {using=xpath, value=(//*[@class='antares-adv-icon-box'][7]}]
Capabilities {acceptInsecureCerts: false, browserName: chrome, browserVersion: 114.0.5735.199, chrome: {chromedriverVersion: 113.0.5672.63 (0e1a4471d5ae..., userDataDir: C:\Users\nandi\AppData\Loca...}, goog:chromeOptions: {debuggerAddress: localhost:59172}, networkConnectionEnabled: false, pageLoadStrategy: normal, platformName: windows, proxy: Proxy(), se:cdp: ws://localhost:59172/devtoo..., se:cdpVersion: 114.0.5735.199, setWindowRect: true, strictFileInteractability: false, timeouts: {implicit: 0, pageLoad: 300000, script: 30000}, unhandledPromptBehavior: dismiss and notify, webauthn:extension:credBlob: true, webauthn:extension:largeBlob: true, webauthn:extension:minPinLength: true, webauthn:extension:prf: true, webauthn:virtualAuthenticators: true}
Session ID: 4be0527d4f11de8c830587d8179783ed]]>
            </message>
            <full-stacktrace>
              <![CDATA[org.openqa.selenium.InvalidSelectorException: invalid selector: Unable to locate an element with the xpath expression (//*[@class='antares-adv-icon-box'][7] because of the following error:
SyntaxError: Failed to execute 'evaluate' on 'Document': The string '(//*[@class='antares-adv-icon-box'][7]' is not a valid XPath expression.
  (Session info: chrome=114.0.5735.199)
For documentation on this error, please visit: https://selenium.dev/exceptions/#invalid_selector_exception
Build info: version: '4.9.1', revision: 'eb2032df7f'
System info: os.name: 'Windows 11', os.arch: 'amd64', os.version: '10.0', java.version: '17.0.5'
Driver info: org.openqa.selenium.chrome.ChromeDriver
Command: [4be0527d4f11de8c830587d8179783ed, findElement {using=xpath, value=(//*[@class='antares-adv-icon-box'][7]}]
Capabilities {acceptInsecureCerts: false, browserName: chrome, browserVersion: 114.0.5735.199, chrome: {chromedriverVersion: 113.0.5672.63 (0e1a4471d5ae..., userDataDir: C:\Users\nandi\AppData\Loca...}, goog:chromeOptions: {debuggerAddress: localhost:59172}, networkConnectionEnabled: false, pageLoadStrategy: normal, platformName: windows, proxy: Proxy(), se:cdp: ws://localhost:59172/devtoo..., se:cdpVersion: 114.0.5735.199, setWindowRect: true, strictFileInteractability: false, timeouts: {implicit: 0, pageLoad: 300000, script: 30000}, unhandledPromptBehavior: dismiss and notify, webauthn:extension:credBlob: true, webauthn:extension:largeBlob: true, webauthn:extension:minPinLength: true, webauthn:extension:prf: true, webauthn:virtualAuthenticators: true}
Session ID: 4be0527d4f11de8c830587d8179783ed
	at java.base/jdk.internal.reflect.NativeConstructorAccessorImpl.newInstance0(Native Method)
	at java.base/jdk.internal.reflect.NativeConstructorAccessorImpl.newInstance(NativeConstructorAccessorImpl.java:77)
	at java.base/jdk.internal.reflect.DelegatingConstructorAccessorImpl.newInstance(DelegatingConstructorAccessorImpl.java:45)
	at java.base/java.lang.reflect.Constructor.newInstanceWithCaller(Constructor.java:499)
	at java.base/java.lang.reflect.Constructor.newInstance(Constructor.java:480)
	at org.openqa.selenium.remote.codec.w3c.W3CHttpResponseCodec.createException(W3CHttpResponseCodec.java:200)
	at org.openqa.selenium.remote.codec.w3c.W3CHttpResponseCodec.decode(W3CHttpResponseCodec.java:133)
	at org.openqa.selenium.remote.codec.w3c.W3CHttpResponseCodec.decode(W3CHttpResponseCodec.java:53)
	at org.openqa.selenium.remote.HttpCommandExecutor.execute(HttpCommandExecutor.java:193)
	at org.openqa.selenium.remote.service.DriverCommandExecutor.invokeExecute(DriverCommandExecutor.java:183)
	at org.openqa.selenium.remote.service.DriverCommandExecutor.execute(DriverCommandExecutor.java:158)
	at org.openqa.selenium.remote.RemoteWebDriver.execute(RemoteWebDriver.java:543)
	at org.openqa.selenium.remote.ElementLocation$ElementFinder$2.findElement(ElementLocation.java:162)
	at org.openqa.selenium.remote.ElementLocation.findElement(ElementLocation.java:60)
	at org.openqa.selenium.remote.RemoteWebDriver.findElement(RemoteWebDriver.java:352)
	at org.openqa.selenium.remote.RemoteWebDriver.findElement(RemoteWebDriver.java:344)
	at org.openqa.selenium.support.pagefactory.DefaultElementLocator.findElement(DefaultElementLocator.java:70)
	at org.openqa.selenium.support.pagefactory.internal.LocatingElementHandler.invoke(LocatingElementHandler.java:39)
	at jdk.proxy2/jdk.proxy2.$Proxy18.isDisplayed(Unknown Source)
	at org.openqa.selenium.support.ui.ExpectedConditions.elementIfVisible(ExpectedConditions.java:307)
	at org.openqa.selenium.support.ui.ExpectedConditions.access$000(ExpectedConditions.java:40)
	at org.openqa.selenium.support.ui.ExpectedConditions$10.apply(ExpectedConditions.java:293)
	at org.openqa.selenium.support.ui.ExpectedConditions$10.apply(ExpectedConditions.java:290)
	at org.openqa.selenium.support.ui.FluentWait.until(FluentWait.java:208)
	at unitech.unitechConsulting.utilities.CommonMethod.elementToVisible(CommonMethod.java:25)
	at unitech.unitechConsulting.utilities.CommonMethod.click(CommonMethod.java:42)
	at unitech.unitechConsulting.testCases.HomePage_TC_001.TC_007_webMobileApplication_HomePage(HomePage_TC_001.java:71)
	at java.base/jdk.internal.reflect.NativeMethodAccessorImpl.invoke0(Native Method)
	at java.base/jdk.internal.reflect.NativeMethodAccessorImpl.invoke(NativeMethodAccessorImpl.java:77)
	at java.base/jdk.internal.reflect.DelegatingMethodAccessorImpl.invoke(DelegatingMethodAccessorImpl.java:43)
	at java.base/java.lang.reflect.Method.invoke(Method.java:568)
	at org.testng.internal.MethodInvocationHelper.invokeMethod(MethodInvocationHelper.java:85)
	at org.testng.internal.Invoker.invokeMethod(Invoker.java:639)
	at org.testng.internal.Invoker.invokeTestMethod(Invoker.java:816)
	at org.testng.internal.Invoker.invokeTestMethods(Invoker.java:1124)
	at org.testng.internal.TestMethodWorker.invokeTestMethods(TestMethodWorker.java:125)
	at org.testng.internal.TestMethodWorker.run(TestMethodWorker.java:108)
	at org.testng.TestRunner.privateRun(TestRunner.java:774)
	at org.testng.TestRunner.run(TestRunner.java:624)
	at org.testng.SuiteRunner.runTest(SuiteRunner.java:359)
	at org.testng.SuiteRunner.runSequentially(SuiteRunner.java:354)
	at org.testng.SuiteRunner.privateRun(SuiteRunner.java:312)
	at org.testng.SuiteRunner.run(SuiteRunner.java:261)
	at org.testng.SuiteRunnerWorker.runSuite(SuiteRunnerWorker.java:52)
	at org.testng.SuiteRunnerWorker.run(SuiteRunnerWorker.java:86)
	at org.testng.TestNG.runSuitesSequentially(TestNG.java:1191)
	at org.testng.TestNG.runSuitesLocally(TestNG.java:1116)
	at org.testng.TestNG.run(TestNG.java:1024)
	at org.testng.remote.AbstractRemoteTestNG.run(AbstractRemoteTestNG.java:115)
	at org.testng.remote.RemoteTestNG.initAndRun(RemoteTestNG.java:251)
	at org.testng.remote.RemoteTestNG.main(RemoteTestNG.java:77)
]]>
            </full-stacktrace>
          </exception> <!-- org.openqa.selenium.InvalidSelectorException -->
          <reporter-output>
          </reporter-output>
        </test-method> <!-- TC_007_webMobileApplication_HomePage -->
        <test-method signature="TC_008_SpeedOptimization_HomePage()[pri:0, instance:unitech.unitechConsulting.testCases.HomePage_TC_001@4f32a3ad]" started-at="2023-07-05T21:29:57Z" name="TC_008_SpeedOptimization_HomePage" finished-at="2023-07-05T21:29:58Z" duration-ms="287" status="PASS">
          <reporter-output>
          </reporter-output>
        </test-method> <!-- TC_008_SpeedOptimization_HomePage -->
        <test-method signature="TC_009_middleAboutUS_HomePage()[pri:0, instance:unitech.unitechConsulting.testCases.HomePage_TC_001@4f32a3ad]" started-at="2023-07-05T21:29:58Z" name="TC_009_middleAboutUS_HomePage" finished-at="2023-07-05T21:29:58Z" duration-ms="247" status="PASS">
          <reporter-output>
          </reporter-output>
        </test-method> <!-- TC_009_middleAboutUS_HomePage -->
        <test-method signature="TC_010_footerContactUs_HomePage()[pri:0, instance:unitech.unitechConsulting.testCases.HomePage_TC_001@4f32a3ad]" started-at="2023-07-05T21:29:58Z" name="TC_010_footerContactUs_HomePage" finished-at="2023-07-05T21:30:00Z" duration-ms="2117" status="PASS">
          <reporter-output>
          </reporter-output>
        </test-method> <!-- TC_010_footerContactUs_HomePage -->
      </class> <!-- unitech.unitechConsulting.testCases.HomePage_TC_001 -->
    </test> <!-- Default test -->
  </suite> <!-- Default suite -->
</testng-results>
